android/app/build/intermediates/manifest_merge_blame_file/debug/manifest-merger-blame-debug-report.txt
1<?xml version="1.0" encoding="utf-8"?>
2<manifest xmlns:android="http://schemas.android.com/apk/res/android"
3    package="com.vmobileble"
4    android:versionCode="1"
5    android:versionName="1.0" >
6
7    <uses-sdk
8        android:minSdkVersion="21"
9        android:targetSdkVersion="33" />
10
11    <uses-permission android:name="android.permission.SYSTEM_ALERT_WINDOW" />
11-->src/debug/AndroidManifest.xml:5:5-77
11-->src/debug/AndroidManifest.xml:5:22-75
12    <uses-permission android:name="android.permission.INTERNET" />
12-->src/main/AndroidManifest.xml:4:5-67
12-->src/main/AndroidManifest.xml:4:22-64
13    <uses-permission android:name="android.permission.BLUETOOTH" />
13-->src/main/AndroidManifest.xml:5:5-105
13-->src/main/AndroidManifest.xml:5:22-65
14    <uses-permission android:name="android.permission.BLUETOOTH_ADMIN" />
14-->src/main/AndroidManifest.xml:6:5-111
14-->src/main/AndroidManifest.xml:6:22-71
15    <uses-permission
15-->src/main/AndroidManifest.xml:8:5-107
16        android:name="android.permission.ACCESS_COARSE_LOCATION"
16-->src/main/AndroidManifest.xml:8:22-78
17        android:maxSdkVersion="28" />
17-->src/main/AndroidManifest.xml:8:79-105
18
19    <uses-permission-sdk-23
19-->src/main/AndroidManifest.xml:9:5-112
20        android:name="android.permission.ACCESS_FINE_LOCATION"
20-->src/main/AndroidManifest.xml:9:29-83
21        android:maxSdkVersion="30" />
21-->src/main/AndroidManifest.xml:9:84-110
22
23    <uses-permission
23-->src/main/AndroidManifest.xml:10:5-11:58
24        android:name="android.permission.BLUETOOTH_SCAN"
24-->src/main/AndroidManifest.xml:10:22-70
25        android:usesPermissionFlags="neverForLocation" />
25-->src/main/AndroidManifest.xml:11:9-55
26    <uses-permission android:name="android.permission.BLUETOOTH_CONNECT" />
26-->src/main/AndroidManifest.xml:12:5-76
26-->src/main/AndroidManifest.xml:12:22-73
27    <uses-permission android:name="android.permission.BLUETOOTH_ADVERTISE" />
27-->src/main/AndroidManifest.xml:13:5-78
27-->src/main/AndroidManifest.xml:13:22-75
28    <uses-permission android:name="android.permission.ACCESS_WIFI_STATE" />
28-->[com.facebook.flipper:flipper:0.125.0] AndroidManifest.xml:16:5-76
28-->[com.facebook.flipper:flipper:0.125.0] AndroidManifest.xml:16:22-73
29
30    <uses-feature
30-->[:react-native-ble-manager] AndroidManifest.xml:13:5-15:36
31        android:name="android.hardware.bluetooth_le"
31-->[:react-native-ble-manager] AndroidManifest.xml:14:9-53
32        android:required="false" />
32-->[:react-native-ble-manager] AndroidManifest.xml:15:9-33
33
34    <application
34-->src/main/AndroidManifest.xml:14:5-33:19
35        android:name="com.vmobileble.MainApplication"
35-->src/main/AndroidManifest.xml:15:7-38
36        android:allowBackup="false"
36-->src/main/AndroidManifest.xml:19:7-34
37        android:appComponentFactory="androidx.core.app.CoreComponentFactory"
37-->[androidx.core:core:1.7.0] AndroidManifest.xml:24:18-86
38        android:debuggable="true"
39        android:icon="@mipmap/ic_launcher"
39-->src/main/AndroidManifest.xml:17:7-41
40        android:label="@string/app_name"
40-->src/main/AndroidManifest.xml:16:7-39
41        android:roundIcon="@mipmap/ic_launcher_round"
41-->src/main/AndroidManifest.xml:18:7-52
42        android:theme="@style/AppTheme"
42-->src/main/AndroidManifest.xml:20:7-38
43        android:usesCleartextTraffic="true" >
43-->src/debug/AndroidManifest.xml:8:9-44
44        <activity
44-->src/debug/AndroidManifest.xml:11:9-111
45            android:name="com.facebook.react.devsupport.DevSettingsActivity"
45-->src/debug/AndroidManifest.xml:11:19-83
46            android:exported="false" />
46-->src/debug/AndroidManifest.xml:11:84-108
47        <activity
47-->src/main/AndroidManifest.xml:21:7-32:18
48            android:name="com.vmobileble.MainActivity"
48-->src/main/AndroidManifest.xml:22:9-37
49            android:configChanges="keyboard|keyboardHidden|orientation|screenLayout|screenSize|smallestScreenSize|uiMode"
49-->src/main/AndroidManifest.xml:24:9-118
50            android:exported="true"
50-->src/main/AndroidManifest.xml:27:9-32
51            android:label="@string/app_name"
51-->src/main/AndroidManifest.xml:23:9-41
52            android:launchMode="singleTask"
52-->src/main/AndroidManifest.xml:25:9-40
53            android:windowSoftInputMode="adjustResize" >
53-->src/main/AndroidManifest.xml:26:9-51
54            <intent-filter>
54-->src/main/AndroidManifest.xml:28:9-31:25
55                <action android:name="android.intent.action.MAIN" />
55-->src/main/AndroidManifest.xml:29:13-65
55-->src/main/AndroidManifest.xml:29:21-62
56
57                <category android:name="android.intent.category.LAUNCHER" />
57-->src/main/AndroidManifest.xml:30:13-73
57-->src/main/AndroidManifest.xml:30:23-70
58            </intent-filter>
59        </activity>
60
61        <provider
61-->[androidx.emoji2:emoji2:1.0.0] AndroidManifest.xml:26:9-34:20
62            android:name="androidx.startup.InitializationProvider"
62-->[androidx.emoji2:emoji2:1.0.0] AndroidManifest.xml:27:13-67
63            android:authorities="com.vmobileble.androidx-startup"
63-->[androidx.emoji2:emoji2:1.0.0] AndroidManifest.xml:28:13-68
64            android:exported="false" >
64-->[androidx.emoji2:emoji2:1.0.0] AndroidManifest.xml:29:13-37
65            <meta-data
65-->[androidx.emoji2:emoji2:1.0.0] AndroidManifest.xml:31:13-33:52
66                android:name="androidx.emoji2.text.EmojiCompatInitializer"
66-->[androidx.emoji2:emoji2:1.0.0] AndroidManifest.xml:32:17-75
67                android:value="androidx.startup" />
67-->[androidx.emoji2:emoji2:1.0.0] AndroidManifest.xml:33:17-49
68            <meta-data
68-->[androidx.lifecycle:lifecycle-process:2.4.0] AndroidManifest.xml:31:13-33:52
69                android:name="androidx.lifecycle.ProcessLifecycleInitializer"
69-->[androidx.lifecycle:lifecycle-process:2.4.0] AndroidManifest.xml:32:17-78
70                android:value="androidx.startup" />
70-->[androidx.lifecycle:lifecycle-process:2.4.0] AndroidManifest.xml:33:17-49
71        </provider>
72    </application>
73
74</manifest>